<?xml version="1.0" encoding="UTF-8"?>
<testng-results skipped="0" failed="0" ignored="0" total="3" passed="3">
  <reporter-output>
  </reporter-output>
  <suite name="Default suite" duration-ms="4624" started-at="2018-07-02T10:51:02Z" finished-at="2018-07-02T10:51:07Z">
    <groups>
    </groups>
    <test name="Default test" duration-ms="4624" started-at="2018-07-02T10:51:02Z" finished-at="2018-07-02T10:51:07Z">
      <class name="com.qainfotech.automation.tatoc_advanced.AppTest">
        <test-method status="PASS" signature="launch_the_browser()[pri:0, instance:com.qainfotech.automation.tatoc_advanced.AppTest@6f01b95f]" name="launch_the_browser" is-config="true" duration-ms="310" started-at="2018-07-02T10:51:02Z" finished-at="2018-07-02T10:51:03Z">
          <reporter-output>
          </reporter-output>
        </test-method> <!-- launch_the_browser -->
        <test-method status="PASS" signature="Test01_is_it_opening_advanced_course()[pri:0, instance:com.qainfotech.automation.tatoc_advanced.AppTest@6f01b95f]" name="Test01_is_it_opening_advanced_course" duration-ms="208" started-at="2018-07-02T10:51:03Z" finished-at="2018-07-02T10:51:03Z">
          <reporter-output>
          </reporter-output>
        </test-method> <!-- Test01_is_it_opening_advanced_course -->
        <test-method status="PASS" signature="Test02_clicking_go_next_of_hover_menu()[pri:0, instance:com.qainfotech.automation.tatoc_advanced.AppTest@6f01b95f]" name="Test02_clicking_go_next_of_hover_menu" duration-ms="192" started-at="2018-07-02T10:51:03Z" finished-at="2018-07-02T10:51:03Z">
          <reporter-output>
          </reporter-output>
        </test-method> <!-- Test02_clicking_go_next_of_hover_menu -->
        <test-method status="PASS" signature="Test03_adding_credentials_to_db_query()[pri:0, instance:com.qainfotech.automation.tatoc_advanced.AppTest@6f01b95f]" name="Test03_adding_credentials_to_db_query" duration-ms="3874" started-at="2018-07-02T10:51:03Z" finished-at="2018-07-02T10:51:07Z">
          <reporter-output>
          </reporter-output>
        </test-method> <!-- Test03_adding_credentials_to_db_query -->
      </class> <!-- com.qainfotech.automation.tatoc_advanced.AppTest -->
    </test> <!-- Default test -->
  </suite> <!-- Default suite -->
</testng-results>
